F:\FPGACODE\comWithFPGA\comWithFPGA\Debug\cl.command.1.tlog
F:\FPGACODE\comWithFPGA\comWithFPGA\Debug\CL.read.1.tlog
F:\FPGACODE\comWithFPGA\comWithFPGA\Debug\CL.write.1.tlog
F:\FPGACODE\COMWITHFPGA\COMWITHFPGA\DEBUG\COMWITHFPGA.EXE.INTERMEDIATE.MANIFEST
F:\FPGACODE\COMWITHFPGA\COMWITHFPGA\DEBUG\COMWITHFPGA.OBJ
F:\FPGACODE\COMWITHFPGA\COMWITHFPGA\DEBUG\COMWITHFPGA.PCH
F:\FPGACODE\COMWITHFPGA\COMWITHFPGA\DEBUG\COMWITHFPGA.RES
F:\FPGACODE\comWithFPGA\comWithFPGA\Debug\comWithFPGA.write.1.tlog
F:\FPGACODE\COMWITHFPGA\COMWITHFPGA\DEBUG\COMWITHFPGADOC.OBJ
F:\FPGACODE\COMWITHFPGA\COMWITHFPGA\DEBUG\COMWITHFPGAVIEW.OBJ
F:\FPGACODE\COMWITHFPGA\COMWITHFPGA\DEBUG\DLGSAVEDATA.OBJ
F:\FPGACODE\COMWITHFPGA\COMWITHFPGA\DEBUG\DLGSENDMSG.OBJ
F:\FPGACODE\COMWITHFPGA\COMWITHFPGA\DEBUG\INFOVIEW.OBJ
F:\FPGACODE\comWithFPGA\comWithFPGA\Debug\link.command.1.tlog
F:\FPGACODE\comWithFPGA\comWithFPGA\Debug\link.read.1.tlog
F:\FPGACODE\comWithFPGA\comWithFPGA\Debug\link.write.1.tlog
F:\FPGACODE\comWithFPGA\comWithFPGA\Debug\link-cvtres.read.1.tlog
F:\FPGACODE\comWithFPGA\comWithFPGA\Debug\link-cvtres.write.1.tlog
F:\FPGACODE\COMWITHFPGA\COMWITHFPGA\DEBUG\MACEDIT.OBJ
F:\FPGACODE\COMWITHFPGA\COMWITHFPGA\DEBUG\MAINFRM.OBJ
F:\FPGACODE\comWithFPGA\comWithFPGA\Debug\mt.command.1.tlog
F:\FPGACODE\comWithFPGA\comWithFPGA\Debug\mt.read.1.tlog
F:\FPGACODE\comWithFPGA\comWithFPGA\Debug\mt.write.1.tlog
F:\FPGACODE\comWithFPGA\comWithFPGA\Debug\rc.command.1.tlog
F:\FPGACODE\comWithFPGA\comWithFPGA\Debug\rc.read.1.tlog
F:\FPGACODE\comWithFPGA\comWithFPGA\Debug\rc.write.1.tlog
F:\FPGACODE\COMWITHFPGA\COMWITHFPGA\DEBUG\RECVPACKVIEW.OBJ
F:\FPGACODE\COMWITHFPGA\COMWITHFPGA\DEBUG\SENDCHOICE.OBJ
F:\FPGACODE\COMWITHFPGA\COMWITHFPGA\DEBUG\STDAFX.OBJ
F:\FPGACODE\comWithFPGA\comWithFPGA\Debug\vc100.idb
F:\FPGACODE\COMWITHFPGA\COMWITHFPGA\DEBUG\VC100.PDB
F:\FPGACODE\COMWITHFPGA\DEBUG\COMWITHFPGA.EXE
F:\FPGACODE\COMWITHFPGA\DEBUG\COMWITHFPGA.EXE.MANIFEST
F:\FPGACODE\COMWITHFPGA\DEBUG\COMWITHFPGA.ILK
F:\FPGACODE\COMWITHFPGA\DEBUG\COMWITHFPGA.PDB
