Build started 2014/3/15 22:11:10.
     1>Project "J:\代码\FPGA\WpdPack\Examples-remote\PacketDriver\GetMacAddress\GetMacAddress.vcxproj" on node 2 (rebuild target(s)).
     1>InitializeBuildStatus:
         Creating ".\Debug\GetMacAddress.unsuccessfulbuild" because "AlwaysCreate" was specified.
       ClCompile:
         C:\Program Files\Microsoft Visual Studio 10.0\VC\bin\CL.exe /c /ZI /nologo /W3 /WX- /Od /Oy- /D WIN32 /D _DEBUG /D _CONSOLE /D _VC80_UPGRADE=0x0600 /D _MBCS /Gm /EHsc /RTC1 /MTd /GS /Gy- /fp:precise /Zc:wchar_t /Zc:forScope /Fo".\Debug\\" /Fd".\Debug\vc100.pdb" /Gd /TC /analyze- /errorReport:prompt GetMacAddress.c
         GetMacAddress.c
       ManifestResourceCompile:
         C:\Program Files\Microsoft SDKs\Windows\v7.0A\bin\rc.exe /nologo /fo".\Debug\GetMacAddress.exe.embed.manifest.res" .\Debug\GetMacAddress_manifest.rc 
       Link:
         C:\Program Files\Microsoft Visual Studio 10.0\VC\bin\link.exe /ERRORREPORT:PROMPT /OUT:".\Debug\GetMacAddress.exe" /INCREMENTAL /NOLOGO odbc32.lib odbccp32.lib kernel32.lib user32.lib gdi32.lib winspool.lib comdlg32.lib advapi32.lib shell32.lib ole32.lib oleaut32.lib uuid.lib odbc32.lib odbccp32.lib /MANIFEST /ManifestFile:".\Debug\GetMacAddress.exe.intermediate.manifest" /MANIFESTUAC:"level='asInvoker' uiAccess='false'" /DEBUG /PDB:"J:\代码\FPGA\WpdPack\Examples-remote\PacketDriver\GetMacAddress\Debug\GetMacAddress.pdb" /SUBSYSTEM:CONSOLE /TLBID:1 /DYNAMICBASE /NXCOMPAT /IMPLIB:".\Debug\GetMacAddress.lib" /MACHINE:X86 .\Debug\GetMacAddress.exe.embed.manifest.res
         .\Debug\GetMacAddress.obj
         ..\..\..\lib\Packet.lib
       Manifest:
         Deleting file ".\Debug\GetMacAddress.exe.embed.manifest".
         C:\Program Files\Microsoft SDKs\Windows\v7.0A\bin\mt.exe /nologo /verbose /out:".\Debug\GetMacAddress.exe.embed.manifest" /manifest .\Debug\GetMacAddress.exe.intermediate.manifest
         C:\Program Files\Microsoft SDKs\Windows\v7.0A\bin\rc.exe /nologo /fo".\Debug\GetMacAddress.exe.embed.manifest.res" .\Debug\GetMacAddress_manifest.rc 
       LinkEmbedManifest:
         C:\Program Files\Microsoft Visual Studio 10.0\VC\bin\link.exe /ERRORREPORT:PROMPT /OUT:".\Debug\GetMacAddress.exe" /INCREMENTAL /NOLOGO odbc32.lib odbccp32.lib kernel32.lib user32.lib gdi32.lib winspool.lib comdlg32.lib advapi32.lib shell32.lib ole32.lib oleaut32.lib uuid.lib odbc32.lib odbccp32.lib /MANIFEST /ManifestFile:".\Debug\GetMacAddress.exe.intermediate.manifest" /MANIFESTUAC:"level='asInvoker' uiAccess='false'" /DEBUG /PDB:"J:\代码\FPGA\WpdPack\Examples-remote\PacketDriver\GetMacAddress\Debug\GetMacAddress.pdb" /SUBSYSTEM:CONSOLE /TLBID:1 /DYNAMICBASE /NXCOMPAT /IMPLIB:".\Debug\GetMacAddress.lib" /MACHINE:X86 .\Debug\GetMacAddress.exe.embed.manifest.res
         .\Debug\GetMacAddress.obj
         ..\..\..\lib\Packet.lib
         GetMacAddress.vcxproj -> J:\代码\FPGA\WpdPack\Examples-remote\PacketDriver\GetMacAddress\.\Debug\GetMacAddress.exe
       FinalizeBuildStatus:
         Deleting file ".\Debug\GetMacAddress.unsuccessfulbuild".
         Touching ".\Debug\GetMacAddress.lastbuildstate".
     1>Done Building Project "J:\代码\FPGA\WpdPack\Examples-remote\PacketDriver\GetMacAddress\GetMacAddress.vcxproj" (rebuild target(s)).

生成成功。

Time Elapsed 00:00:07.21
